<?xml version="1.0" encoding="UTF-8"?>
<!-- Generated by org.testng.reporters.JUnitReportReporter -->
<testsuite hostname="DESKTOP-EO0C3GI" failures="0" tests="2" name="RegistrationTest" time="5.328" errors="0" timestamp="2022-05-03T17:11:03 MSK" skipped="0">
  <testcase classname="RegistrationTest" name="registrationWithIncorrectPassword" time="0.713"/>
  <system-out/>
  <testcase classname="RegistrationTest" name="registrationWithCorrectPassword" time="4.615"/>
  <system-out/>
</testsuite> <!-- RegistrationTest -->
