<?xml version="1.0" encoding="UTF-8"?>
<!-- Generated by org.testng.reporters.JUnitReportReporter -->
<testsuite hostname="DESKTOP-EO0C3GI" failures="0" tests="3" name="SwitchingBetweenPagesTest" time="19.687" errors="0" timestamp="2022-05-07T01:48:57 MSK" skipped="0">
  <testcase classname="SwitchingBetweenPagesTest" name="switchingToPersonalAccount" time="6.439"/>
  <system-out/>
  <testcase classname="SwitchingBetweenPagesTest" name="switchingFromPersonalAccountToDesignerByDesignerButton" time="3.611"/>
  <system-out/>
  <testcase classname="SwitchingBetweenPagesTest" name="switchingFromPersonalAccountToDesignerByLogoButton" time="9.637"/>
  <system-out/>
</testsuite> <!-- SwitchingBetweenPagesTest -->
