<?xml version="1.0" encoding="UTF-8"?>
<!-- Generated by org.testng.reporters.JUnitReportReporter -->
<testsuite hostname="DESKTOP-EO0C3GI" failures="0" tests="3" name="GoToTheSectionTest" time="3.381" errors="0" timestamp="2022-05-07T01:48:57 MSK" skipped="0">
  <testcase classname="GoToTheSectionTest" name="goToTheBunSection" time="1.692"/>
  <system-out/>
  <testcase classname="GoToTheSectionTest" name="goToTheSauseSection" time="0.572"/>
  <system-out/>
  <testcase classname="GoToTheSectionTest" name="goToTheFillingSection" time="1.117"/>
  <system-out/>
</testsuite> <!-- GoToTheSectionTest -->
