<?xml version="1.0" encoding="UTF-8"?>
<!-- Generated by org.testng.reporters.JUnitReportReporter -->
<testsuite hostname="DESKTOP-EO0C3GI" failures="0" tests="2" name="RegistrationTest" time="3.895" errors="0" timestamp="2022-05-07T01:48:57 MSK" skipped="0">
  <testcase classname="RegistrationTest" name="registrationWithCorrectPassword" time="3.371"/>
  <system-out/>
  <testcase classname="RegistrationTest" name="registrationWithIncorrectPassword" time="0.524"/>
  <system-out/>
</testsuite> <!-- RegistrationTest -->
