<?xml version="1.0" encoding="UTF-8"?>
<!-- Generated by org.testng.reporters.JUnitReportReporter -->
<testsuite hostname="DESKTOP-EO0C3GI" failures="0" tests="3" name="SwitchingBetweenPagesTest" time="28.656" errors="0" timestamp="2022-05-03T17:11:03 MSK" skipped="0">
  <testcase classname="SwitchingBetweenPagesTest" name="switchingFromPersonalAccountToDesignerByDesignerButton" time="4.769"/>
  <system-out/>
  <testcase classname="SwitchingBetweenPagesTest" name="switchingToPersonalAccount" time="9.395"/>
  <system-out/>
  <testcase classname="SwitchingBetweenPagesTest" name="switchingFromPersonalAccountToDesignerByLogoButton" time="14.492"/>
  <system-out/>
</testsuite> <!-- SwitchingBetweenPagesTest -->
