<?xml version="1.0" encoding="UTF-8"?>
<!-- Generated by org.testng.reporters.JUnitReportReporter -->
<testsuite hostname="DESKTOP-EO0C3GI" failures="0" tests="3" name="GoToTheSectionTest" time="4.581" errors="0" timestamp="2022-05-03T17:11:03 MSK" skipped="0">
  <testcase classname="GoToTheSectionTest" name="goToTheFillingSection" time="1.507"/>
  <system-out/>
  <testcase classname="GoToTheSectionTest" name="goToTheSauseSection" time="0.765"/>
  <system-out/>
  <testcase classname="GoToTheSectionTest" name="goToTheBunSection" time="2.309"/>
  <system-out/>
</testsuite> <!-- GoToTheSectionTest -->
