<?xml version="1.0" encoding="UTF-8"?>
<!-- Generated by org.testng.reporters.JUnitReportReporter -->
<testsuite hostname="DESKTOP-EO0C3GI" failures="0" tests="1" name="ExitTest" time="2.834" errors="0" timestamp="2022-05-07T01:48:57 MSK" skipped="0">
  <testcase classname="ExitTest" name="exitFromAccount" time="2.834"/>
  <system-out/>
</testsuite> <!-- ExitTest -->
