<?xml version="1.0" encoding="UTF-8"?>
<!-- Generated by org.testng.reporters.JUnitReportReporter -->
<testsuite hostname="DESKTOP-EO0C3GI" failures="0" tests="4" name="EnterTest" time="32.059" errors="0" timestamp="2022-05-07T01:48:57 MSK" skipped="0">
  <testcase classname="EnterTest" name="enterToAccountFromMainPageByPersonalAccountButton" time="8.368"/>
  <system-out/>
  <testcase classname="EnterTest" name="enterToAccountFromLoginPageByRecoverPasswordButton" time="7.693"/>
  <system-out/>
  <testcase classname="EnterTest" name="enterToAccountFromRegistrationPageByEnterButton" time="8.902"/>
  <system-out/>
  <testcase classname="EnterTest" name="enterToAccountFromMainPageByEnterToAccoutButton" time="7.096"/>
  <system-out/>
</testsuite> <!-- EnterTest -->
