<?xml version="1.0" encoding="UTF-8"?>
<!-- Generated by org.testng.reporters.JUnitReportReporter -->
<testsuite hostname="DESKTOP-EO0C3GI" failures="0" tests="1" name="ExitTest" time="4.235" errors="0" timestamp="2022-05-03T17:11:03 MSK" skipped="0">
  <testcase classname="ExitTest" name="exitFromAccount" time="4.235"/>
  <system-out/>
</testsuite> <!-- ExitTest -->
