<?xml version="1.0" encoding="UTF-8"?>
<!-- Generated by org.testng.reporters.JUnitReportReporter -->
<testsuite hostname="DESKTOP-EO0C3GI" failures="0" tests="4" name="EnterTest" time="44.630" errors="0" timestamp="2022-05-03T17:11:03 MSK" skipped="0">
  <testcase classname="EnterTest" name="enterToAccountFromMainPageByPersonalAccountButton" time="11.667"/>
  <system-out/>
  <testcase classname="EnterTest" name="enterToAccountFromLoginPageByRecoverPasswordButton" time="10.963"/>
  <system-out/>
  <testcase classname="EnterTest" name="enterToAccountFromRegistrationPageByEnterButton" time="12.344"/>
  <system-out/>
  <testcase classname="EnterTest" name="enterToAccountFromMainPageByEnterToAccoutButton" time="9.656"/>
  <system-out/>
</testsuite> <!-- EnterTest -->
